==========================================
SLURM_CLUSTER_NAME = param-shivay
SLURM_JOB_ACCOUNT = electronics_engg
SLURM_JOB_ID = 911407
SLURM_JOB_NAME = paper14
SLURM_JOB_NODELIST = gpu001
SLURM_JOB_USER = jasnoors.ece21.itbhu
SLURM_JOB_UID = 5861
SLURM_JOB_PARTITION = gpu
SLURM_TASK_PID = 22649
SLURM_SUBMIT_DIR = /home/jasnoors.ece21.itbhu/ubiq14
SLURM_CPUS_ON_NODE = 40
SLURM_NTASKS = 40
SLURM_TASK_PID = 22649
==========================================
PyTorch version: 2.1.0
Using device: cuda
done loading models
Student logits shape: torch.Size([1, 10575])
Student hidden representation shape: torch.Size([1, 1280])
Student hidden correct size representation shape: torch.Size([1, 512])
Teacher hidden representation shape: torch.Size([1, 512])
Epoch 1/300, Loss: 7.01391844582794
Epoch 2/300, Loss: 6.720201990538484
Epoch 3/300, Loss: 6.574120270565393
Epoch 4/300, Loss: 6.536950859851867
Epoch 5/300, Loss: 6.540571877902911
Epoch 6/300, Loss: 6.584225215076095
Epoch 7/300, Loss: 6.714688612013107
Epoch 8/300, Loss: 6.981636141884993
Epoch 9/300, Loss: 6.9793739639723995
Epoch 10/300, Loss: 6.979377175223162
Epoch 11/300, Loss: 6.979377646090528
Epoch 12/300, Loss: 6.979377749318186
Epoch 13/300, Loss: 6.97937775006441
Epoch 14/300, Loss: 6.979377742104687
Epoch 15/300, Loss: 6.9793777426021695
Epoch 16/300, Loss: 6.979377744840842
Epoch 17/300, Loss: 6.979377751556858
Epoch 18/300, Loss: 6.979377746582031
Epoch 19/300, Loss: 6.979377735886153
Epoch 20/300, Loss: 6.97937774086098
Epoch 21/300, Loss: 6.979377733896222
Epoch 22/300, Loss: 6.979377743348394
Epoch 23/300, Loss: 6.979377737876084
Epoch 24/300, Loss: 6.979377736134895
Epoch 25/300, Loss: 6.979377741855946
Epoch 26/300, Loss: 6.979377730662585
Epoch 27/300, Loss: 6.979377737627343
Epoch 28/300, Loss: 6.9793777411097215
Epoch 29/300, Loss: 6.97937773513993
Epoch 30/300, Loss: 6.979377730165102
Epoch 31/300, Loss: 6.9793777314088095
Epoch 32/300, Loss: 6.9793777445921
Epoch 33/300, Loss: 6.979377738124826
Epoch 34/300, Loss: 6.979377734393705
Epoch 35/300, Loss: 6.97937773513993
Epoch 36/300, Loss: 6.979377742353428
Epoch 37/300, Loss: 6.979377735637412
Epoch 38/300, Loss: 6.979377733647481
Epoch 39/300, Loss: 6.979377746582031
Epoch 40/300, Loss: 6.979377745587066
Epoch 41/300, Loss: 6.979377724444052
Epoch 42/300, Loss: 6.979377738622309
Epoch 43/300, Loss: 6.979377735886153
Epoch 44/300, Loss: 6.979377737378601
Epoch 45/300, Loss: 6.979377735886153
Epoch 46/300, Loss: 6.979377737627343
Epoch 47/300, Loss: 6.97937773712986
Epoch 48/300, Loss: 6.979377737876084
Epoch 49/300, Loss: 6.9793777416072045
Epoch 50/300, Loss: 6.979377729418879
Epoch 51/300, Loss: 6.979377736632378
Epoch 52/300, Loss: 6.979377732901257
Epoch 53/300, Loss: 6.9793777401147565
Epoch 54/300, Loss: 6.979377735637412
Epoch 55/300, Loss: 6.9793777426021695
Epoch 56/300, Loss: 6.979377739866015
Epoch 57/300, Loss: 6.979377739617274
Epoch 58/300, Loss: 6.979377743597135
Epoch 59/300, Loss: 6.979377745587066
Epoch 60/300, Loss: 6.97937772966762
Epoch 61/300, Loss: 6.979377732901257
Epoch 62/300, Loss: 6.979377738373567
Epoch 63/300, Loss: 6.979377734642447
Epoch 64/300, Loss: 6.979377728175172
Epoch 65/300, Loss: 6.979377748820704
Epoch 66/300, Loss: 6.979377737876084
Epoch 67/300, Loss: 6.979377748820704
Epoch 68/300, Loss: 6.97937773712986
Epoch 69/300, Loss: 6.979377738124826
Epoch 70/300, Loss: 6.979377738871049
Epoch 71/300, Loss: 6.979377738373567
Epoch 72/300, Loss: 6.979377731160068
Epoch 73/300, Loss: 6.979377727180206
Epoch 74/300, Loss: 6.979377737876084
Epoch 75/300, Loss: 6.97937773538867
Epoch 76/300, Loss: 6.97937773513993
Epoch 77/300, Loss: 6.979377732155033
Epoch 78/300, Loss: 6.979377737876084
Epoch 79/300, Loss: 6.979377742353428
Epoch 80/300, Loss: 6.979377734642447
Epoch 81/300, Loss: 6.979377734144964
Epoch 82/300, Loss: 6.979377726433983
Epoch 83/300, Loss: 6.979377736383636
Epoch 84/300, Loss: 6.979377736632378
Epoch 85/300, Loss: 6.979377733149999
Epoch 86/300, Loss: 6.979377725687758
Epoch 87/300, Loss: 6.979377738622309
Epoch 88/300, Loss: 6.979377743845877
Epoch 89/300, Loss: 6.979377743597135
Epoch 90/300, Loss: 6.979377743348394
Epoch 91/300, Loss: 6.979377728175172
Epoch 92/300, Loss: 6.979377743348394
Epoch 93/300, Loss: 6.97937773538867
Epoch 94/300, Loss: 6.979377732652516
Epoch 95/300, Loss: 6.979377738124826
Epoch 96/300, Loss: 6.97937773538867
Epoch 97/300, Loss: 6.9793777401147565
Epoch 98/300, Loss: 6.979377734393705
Epoch 99/300, Loss: 6.97937773339874
Epoch 100/300, Loss: 6.979377732901257
Epoch 101/300, Loss: 6.979377754293013
Epoch 102/300, Loss: 6.979377737876084
Epoch 103/300, Loss: 6.979377738124826
Epoch 104/300, Loss: 6.979377746830773
Epoch 105/300, Loss: 6.979377741855946
Epoch 106/300, Loss: 6.979377737378601
Epoch 107/300, Loss: 6.979377725439017
Epoch 108/300, Loss: 6.9793777426021695
Epoch 109/300, Loss: 6.979377717976776
Epoch 110/300, Loss: 6.979377724941534
Epoch 111/300, Loss: 6.979377726931465
Epoch 112/300, Loss: 6.9793777299163615
Epoch 113/300, Loss: 6.979377729170137
Epoch 114/300, Loss: 6.979377734642447
Epoch 115/300, Loss: 6.979377734144964
Epoch 116/300, Loss: 6.979377726682723
Epoch 117/300, Loss: 6.9793777299163615
Epoch 118/300, Loss: 6.979377733647481
Epoch 119/300, Loss: 6.979377730413844
Epoch 120/300, Loss: 6.979377727677689
Epoch 121/300, Loss: 6.979377735886153
Epoch 122/300, Loss: 6.979377738373567
Epoch 123/300, Loss: 6.979377723449086
Epoch 124/300, Loss: 6.979377722951604
Epoch 125/300, Loss: 6.979377716981811
Epoch 126/300, Loss: 6.979377733896222
Epoch 127/300, Loss: 6.979377736881119
Epoch 128/300, Loss: 6.979377727180206
Epoch 129/300, Loss: 6.979377737627343
Epoch 130/300, Loss: 6.979377735886153
Epoch 131/300, Loss: 6.979377728672654
Epoch 132/300, Loss: 6.979377730413844
Epoch 133/300, Loss: 6.9793777445921
Epoch 134/300, Loss: 6.9793777314088095
Epoch 135/300, Loss: 6.979377738124826
Epoch 136/300, Loss: 6.979377728175172
Epoch 137/300, Loss: 6.979377727677689
Epoch 138/300, Loss: 6.97937773712986
Epoch 139/300, Loss: 6.979377743845877
Epoch 140/300, Loss: 6.97937772966762
Epoch 141/300, Loss: 6.979377743099652
Epoch 142/300, Loss: 6.979377726931465
Epoch 143/300, Loss: 6.979377730662585
Epoch 144/300, Loss: 6.979377738373567
Epoch 145/300, Loss: 6.97937773513993
Epoch 146/300, Loss: 6.979377730662585
Epoch 147/300, Loss: 6.979377729170137
Epoch 148/300, Loss: 6.979377734891188
Epoch 149/300, Loss: 6.979377736134895
Epoch 150/300, Loss: 6.979377723449086
Epoch 151/300, Loss: 6.979377726433983
Epoch 152/300, Loss: 6.979377737627343
Epoch 153/300, Loss: 6.979377727677689
Epoch 154/300, Loss: 6.979377747825738
Epoch 155/300, Loss: 6.979377723449086
Epoch 156/300, Loss: 6.9793777314088095
Epoch 157/300, Loss: 6.979377742850911
Epoch 158/300, Loss: 6.979377727180206
Epoch 159/300, Loss: 6.979377729170137
Epoch 160/300, Loss: 6.979377714494397
Epoch 161/300, Loss: 6.979377724692793
Epoch 162/300, Loss: 6.979377723449086
Epoch 163/300, Loss: 6.979377727180206
Epoch 164/300, Loss: 6.979377728423913
Epoch 165/300, Loss: 6.9793777416072045
Epoch 166/300, Loss: 6.979377728672654
Epoch 167/300, Loss: 6.979377720961673
Epoch 168/300, Loss: 6.979377730413844
Epoch 169/300, Loss: 6.9793777319062915
Epoch 170/300, Loss: 6.97937772419531
Epoch 171/300, Loss: 6.979377729418879
Epoch 172/300, Loss: 6.9793777259365
Epoch 173/300, Loss: 6.979377720961673
Epoch 174/300, Loss: 6.9793777299163615
Epoch 175/300, Loss: 6.979377727926431
Epoch 176/300, Loss: 6.9793777192204836
Epoch 177/300, Loss: 6.979377730662585
Epoch 178/300, Loss: 6.979377721210414
Epoch 179/300, Loss: 6.979377726185241
Epoch 180/300, Loss: 6.979377729418879
Epoch 181/300, Loss: 6.979377727926431
Epoch 182/300, Loss: 6.979377728175172
Epoch 183/300, Loss: 6.979377731657551
Epoch 184/300, Loss: 6.979377733149999
Epoch 185/300, Loss: 6.979377722205379
Epoch 186/300, Loss: 6.979377731657551
Epoch 187/300, Loss: 6.979377729170137
Epoch 188/300, Loss: 6.979377722454121
Epoch 189/300, Loss: 6.979377726185241
Epoch 190/300, Loss: 6.9793777309113265
Epoch 191/300, Loss: 6.979377723946569
Epoch 192/300, Loss: 6.979377732901257
Epoch 193/300, Loss: 6.979377730662585
Epoch 194/300, Loss: 6.979377721956638
Epoch 195/300, Loss: 6.979377733647481
Epoch 196/300, Loss: 6.979377739368532
Epoch 197/300, Loss: 6.979377718971742
Epoch 198/300, Loss: 6.979377724941534
Epoch 199/300, Loss: 6.979377730662585
Epoch 200/300, Loss: 6.979377722454121
Epoch 201/300, Loss: 6.979377724444052
Epoch 202/300, Loss: 6.979377722454121
Epoch 203/300, Loss: 6.979377736881119
Epoch 204/300, Loss: 6.979377727926431
Epoch 205/300, Loss: 6.979377744840842
Epoch 206/300, Loss: 6.979377724941534
Epoch 207/300, Loss: 6.979377726433983
Epoch 208/300, Loss: 6.979377735886153
Epoch 209/300, Loss: 6.979377721459155
Epoch 210/300, Loss: 6.979377715489363
Epoch 211/300, Loss: 6.979377727677689
Epoch 212/300, Loss: 6.979377735886153
Epoch 213/300, Loss: 6.9793777299163615
Epoch 214/300, Loss: 6.979377728672654
Epoch 215/300, Loss: 6.979377715986846
Epoch 216/300, Loss: 6.979377722454121
Epoch 217/300, Loss: 6.979377742850911
Epoch 218/300, Loss: 6.979377728175172
Epoch 219/300, Loss: 6.979377727926431
Epoch 220/300, Loss: 6.979377748571962
Epoch 221/300, Loss: 6.9793777090220885
Epoch 222/300, Loss: 6.979377721459155
Epoch 223/300, Loss: 6.9793777217078965
Epoch 224/300, Loss: 6.979377730413844
Epoch 225/300, Loss: 6.97937772419531
Epoch 226/300, Loss: 6.979377725687758
Epoch 227/300, Loss: 6.979377724692793
Epoch 228/300, Loss: 6.979377722454121
Epoch 229/300, Loss: 6.979377727428948
Epoch 230/300, Loss: 6.979377726433983
Epoch 231/300, Loss: 6.979377723697827
Epoch 232/300, Loss: 6.979377726185241
Epoch 233/300, Loss: 6.979377733149999
Epoch 234/300, Loss: 6.979377718474259
Epoch 235/300, Loss: 6.979377727180206
Epoch 236/300, Loss: 6.979377734144964
Epoch 237/300, Loss: 6.979377725687758
Epoch 238/300, Loss: 6.979377736383636
Epoch 239/300, Loss: 6.979377728175172
Epoch 240/300, Loss: 6.979377726433983
Epoch 241/300, Loss: 6.979377724941534
Epoch 242/300, Loss: 6.979377741358463
Epoch 243/300, Loss: 6.979377735886153
Epoch 244/300, Loss: 6.9793777445921
Epoch 245/300, Loss: 6.97937773538867
Epoch 246/300, Loss: 6.979377729170137
Epoch 247/300, Loss: 6.979377727428948
Epoch 248/300, Loss: 6.979377736383636
Epoch 249/300, Loss: 6.979377727926431
Epoch 250/300, Loss: 6.979377734144964
Epoch 251/300, Loss: 6.979377736383636
Epoch 252/300, Loss: 6.979377748323221
Epoch 253/300, Loss: 6.97937773513993
Epoch 254/300, Loss: 6.979377738124826
Epoch 255/300, Loss: 6.979377727428948
Epoch 256/300, Loss: 6.979377734393705
Epoch 257/300, Loss: 6.97937773712986
Epoch 258/300, Loss: 6.979377730413844
Epoch 259/300, Loss: 6.979377737876084
Epoch 260/300, Loss: 6.979377743597135
Epoch 261/300, Loss: 6.97937773339874
Epoch 262/300, Loss: 6.979377709768312
Epoch 263/300, Loss: 6.9793777314088095
Epoch 264/300, Loss: 6.9793777259365
Epoch 265/300, Loss: 6.979377723200344
Epoch 266/300, Loss: 6.979377723200344
Epoch 267/300, Loss: 6.979377724444052
Epoch 268/300, Loss: 6.97937773339874
Epoch 269/300, Loss: 6.979377722454121
Epoch 270/300, Loss: 6.979377727677689
Epoch 271/300, Loss: 6.979377729170137
Epoch 272/300, Loss: 6.979377729170137
Epoch 273/300, Loss: 6.979377731657551
Epoch 274/300, Loss: 6.979377736134895
Epoch 275/300, Loss: 6.979377719469225
Epoch 276/300, Loss: 6.979377723449086
Epoch 277/300, Loss: 6.979377734144964
Epoch 278/300, Loss: 6.979377728175172
Epoch 279/300, Loss: 6.979377707778381
Epoch 280/300, Loss: 6.979377719469225
Epoch 281/300, Loss: 6.979377736134895
Epoch 282/300, Loss: 6.979377720961673
Epoch 283/300, Loss: 6.979377724941534
Epoch 284/300, Loss: 6.979377718723001
Epoch 285/300, Loss: 6.979377721459155
Epoch 286/300, Loss: 6.979377739617274
Epoch 287/300, Loss: 6.979377723449086
Epoch 288/300, Loss: 6.979377713996915
Epoch 289/300, Loss: 6.979377735886153
Epoch 290/300, Loss: 6.979377737627343
Epoch 291/300, Loss: 6.979377722702862
Epoch 292/300, Loss: 6.979377712504467
Epoch 293/300, Loss: 6.979377722951604
Epoch 294/300, Loss: 6.979377737627343
Epoch 295/300, Loss: 6.979377718225518
Epoch 296/300, Loss: 6.979377715240622
Epoch 297/300, Loss: 6.979377722454121
Epoch 298/300, Loss: 6.979377733896222
Epoch 299/300, Loss: 6.979377740612239
Epoch 300/300, Loss: 6.979377724692793
